nohup: ignoring input
2025-11-12 18:58:03,631 [INFO] Creating materialized view for reverted edit classification.
2025-11-12 19:13:55,108 [INFO] Created materialized view for reverted edit classification. Took 951.476541519165 seconds.
2025-11-12 19:13:55,108 [INFO] Creating indexes
Traceback (most recent call last):
  File "<frozen runpy>", line 198, in _run_module_as_main
  File "<frozen runpy>", line 88, in _run_code
  File "/home/carolina.cortes/wikidata-change-analysis/main.py", line 8, in <module>
    manager.run_classifier()
    ~~~~~~~~~~~~~~~~~~~~~~^^
  File "/home/carolina.cortes/wikidata-change-analysis/src/classifier/classification_manager.py", line 24, in run_classifier
    self.classifier.run_classification()
    ~~~~~~~~~~~~~~~~~~~~~~~~~~~~~~~~~~^^
  File "/home/carolina.cortes/wikidata-change-analysis/src/classifier/sql_classifier.py", line 233, in run_classification
    self.run_reverted_edit_classification()
    ~~~~~~~~~~~~~~~~~~~~~~~~~~~~~~~~~~~~~^^
  File "/home/carolina.cortes/wikidata-change-analysis/src/classifier/sql_classifier.py", line 108, in run_reverted_edit_classification
    self.sql_runner.execute_query(indexes_query)
    ~~~~~~~~~~~~~~~~~~~~~~~~~~~~~^^^^^^^^^^^^^^^
  File "/home/carolina.cortes/wikidata-change-analysis/src/sql/sql_runner.py", line 22, in execute_query
    raise e
  File "/home/carolina.cortes/wikidata-change-analysis/src/sql/sql_runner.py", line 11, in execute_query
    cur.execute(query, params)
    ~~~~~~~~~~~^^^^^^^^^^^^^^^
psycopg2.errors.UndefinedTable: relation "reverted" does not exist

Start running SQL classification.
There was an error when trying to execute the query.
