2025-11-14 10:03:18,509 [INFO] STARTING MULTI-DATATYPE CLUSTERING
2025-11-14 10:03:18,509 [INFO] Datatypes to process: ['string', 'quantity', 'time', 'globecoordinate', 'entity']
2025-11-14 10:03:18,509 [INFO] STARTING CLUSTERING FOR DATATYPE: STRING
2025-11-14 10:03:18,509 [INFO] Connecting to database...
2025-11-14 10:03:18,540 [INFO] Connected to database.
2025-11-14 10:03:18,540 [INFO] Creating indexes to speed up queries
2025-11-14 10:03:19,546 [INFO] Created indexes in 1.0059459209442139 seconds
2025-11-14 10:03:19,546 [INFO] 
Going to extract data from db
2025-11-14 10:03:19,548 [INFO] Executing query...
2025-11-14 10:03:19,642 [INFO] Fetching first batch...
2025-11-14 10:04:09,944 [INFO] Query executed successfully. Columns: 24
2025-11-14 10:04:11,949 [INFO] Fetched chunk 2: 100,000 rows total
2025-11-14 10:04:13,443 [INFO] Fetched chunk 3: 150,000 rows total
2025-11-14 10:04:15,450 [INFO] Fetched chunk 4: 200,000 rows total
2025-11-14 10:04:17,614 [INFO] Fetched chunk 5: 250,000 rows total
2025-11-14 10:04:20,184 [INFO] Fetched chunk 6: 300,000 rows total
2025-11-14 10:04:23,103 [INFO] Fetched chunk 7: 350,000 rows total
2025-11-14 10:04:25,770 [INFO] Fetched chunk 8: 400,000 rows total
2025-11-14 10:04:29,118 [INFO] Fetched chunk 9: 450,000 rows total
2025-11-14 10:04:31,781 [INFO] Fetched chunk 10: 500,000 rows total
2025-11-14 10:04:34,328 [INFO] Fetched chunk 11: 550,000 rows total
2025-11-14 10:04:35,632 [INFO] Fetched chunk 12: 568,459 rows total
2025-11-14 10:04:35,671 [INFO] Combining 12 chunks...
2025-11-14 10:04:37,010 [INFO] Total rows fetched: 568,459
2025-11-14 10:04:45,677 [INFO] Saved 568,459 rows to data/changes_for_clustering_string_update.parquet
2025-11-14 10:04:45,678 [INFO] Extracted data from db in 86.13177990913391 seconds
2025-11-14 10:04:51,630 [INFO] Filtered data shape: (560759, 24)
2025-11-14 10:04:51,630 [INFO] Extracting features for string...
2025-11-14 10:04:51,630 [INFO] Error processing string: cannot access local variable 'feature_cols' where it is not associated with a value
2025-11-14 10:04:52,649 [INFO] STARTING CLUSTERING FOR DATATYPE: QUANTITY
2025-11-14 10:04:52,651 [INFO] Connecting to database...
2025-11-14 10:04:52,680 [INFO] Connected to database.
2025-11-14 10:04:52,680 [INFO] Creating indexes to speed up queries
2025-11-14 10:04:53,687 [INFO] Created indexes in 1.0070440769195557 seconds
2025-11-14 10:04:53,688 [INFO] 
Going to extract data from db
2025-11-14 10:04:53,690 [INFO] Executing query...
2025-11-14 10:04:53,784 [INFO] Fetching first batch...
2025-11-14 10:06:58,762 [INFO] STARTING MULTI-DATATYPE CLUSTERING
2025-11-14 10:06:58,762 [INFO] Datatypes to process: ['string', 'quantity', 'time', 'globecoordinate', 'entity']
2025-11-14 10:06:58,762 [INFO] STARTING CLUSTERING FOR DATATYPE: STRING
2025-11-14 10:06:58,763 [INFO] Connecting to database...
2025-11-14 10:06:58,794 [INFO] Connected to database.
2025-11-14 10:06:58,794 [INFO] Creating indexes to speed up queries
2025-11-14 10:06:59,799 [INFO] Created indexes in 1.0053837299346924 seconds
2025-11-14 10:06:59,799 [INFO] 
Going to extract data from db
2025-11-14 10:06:59,801 [INFO] Executing query...
2025-11-14 10:06:59,894 [INFO] Fetching first batch...
2025-11-14 10:07:58,154 [INFO] STARTING MULTI-DATATYPE CLUSTERING
2025-11-14 10:07:58,155 [INFO] Datatypes to process: ['string', 'quantity', 'time', 'globecoordinate', 'entity']
2025-11-14 10:07:58,155 [INFO] STARTING CLUSTERING FOR DATATYPE: STRING
2025-11-14 10:07:58,155 [INFO] Connecting to database...
2025-11-14 10:07:58,186 [INFO] Connected to database.
2025-11-14 10:07:58,186 [INFO] Creating indexes to speed up queries
2025-11-14 10:07:59,192 [INFO] Created indexes in 1.0055546760559082 seconds
2025-11-14 10:07:59,192 [INFO] 
Going to extract data from db
2025-11-14 10:07:59,194 [INFO] Executing query...
2025-11-14 10:07:59,287 [INFO] Fetching first batch...
2025-11-14 10:08:48,291 [INFO] Query executed successfully. Columns: 24
2025-11-14 10:08:50,172 [INFO] Fetched chunk 2: 100,000 rows total
2025-11-14 10:08:52,236 [INFO] Fetched chunk 3: 150,000 rows total
2025-11-14 10:08:54,866 [INFO] Fetched chunk 4: 200,000 rows total
2025-11-14 10:08:56,630 [INFO] Fetched chunk 5: 250,000 rows total
2025-11-14 10:08:58,293 [INFO] Fetched chunk 6: 300,000 rows total
2025-11-14 10:09:00,777 [INFO] Fetched chunk 7: 350,000 rows total
2025-11-14 10:09:02,553 [INFO] Fetched chunk 8: 400,000 rows total
2025-11-14 10:09:04,768 [INFO] Fetched chunk 9: 450,000 rows total
2025-11-14 10:09:06,544 [INFO] Fetched chunk 10: 500,000 rows total
2025-11-14 10:09:08,026 [INFO] Fetched chunk 11: 550,000 rows total
2025-11-14 10:09:08,580 [INFO] Fetched chunk 12: 568,459 rows total
2025-11-14 10:09:08,590 [INFO] Combining 12 chunks...
2025-11-14 10:09:08,996 [INFO] Total rows fetched: 568,459
2025-11-14 10:09:16,923 [INFO] Saved 568,459 rows to data/changes_for_clustering_string_update.parquet
2025-11-14 10:09:16,923 [INFO] Extracted data from db in 77.73084688186646 seconds
2025-11-14 10:09:22,296 [INFO] Filtered data shape: (560759, 24)
2025-11-14 10:09:22,296 [INFO] Extracting features for string...
2025-11-14 10:09:23,350 [INFO] STARTING CLUSTERING FOR DATATYPE: QUANTITY
2025-11-14 10:09:23,351 [INFO] Connecting to database...
2025-11-14 10:09:23,379 [INFO] Connected to database.
2025-11-14 10:09:23,379 [INFO] Creating indexes to speed up queries
2025-11-14 10:09:24,385 [INFO] Created indexes in 1.0060908794403076 seconds
2025-11-14 10:09:24,386 [INFO] 
Going to extract data from db
2025-11-14 10:09:24,387 [INFO] Executing query...
2025-11-14 10:09:24,481 [INFO] Fetching first batch...
2025-11-14 10:10:07,756 [INFO] Query executed successfully. Columns: 24
2025-11-14 10:10:09,877 [INFO] Fetched chunk 2: 100,000 rows total
2025-11-14 10:10:12,297 [INFO] Fetched chunk 3: 150,000 rows total
2025-11-14 10:10:14,256 [INFO] Fetched chunk 4: 200,000 rows total
2025-11-14 10:10:16,740 [INFO] Fetched chunk 5: 250,000 rows total
2025-11-14 10:10:18,835 [INFO] Fetched chunk 6: 300,000 rows total
2025-11-14 10:10:21,928 [INFO] Fetched chunk 7: 350,000 rows total
2025-11-14 10:10:24,059 [INFO] Fetched chunk 8: 400,000 rows total
2025-11-14 10:10:27,591 [INFO] Fetched chunk 9: 450,000 rows total
2025-11-14 10:10:29,315 [INFO] Fetched chunk 10: 500,000 rows total
2025-11-14 10:10:31,931 [INFO] Fetched chunk 11: 550,000 rows total
2025-11-14 10:10:34,896 [INFO] Fetched chunk 12: 600,000 rows total
2025-11-14 10:10:36,108 [INFO] Fetched chunk 13: 618,847 rows total
2025-11-14 10:10:36,117 [INFO] Combining 13 chunks...
2025-11-14 10:10:36,759 [INFO] Total rows fetched: 618,847
2025-11-14 10:10:44,158 [INFO] Saved 618,847 rows to data/changes_for_clustering_quantity_update.parquet
2025-11-14 10:10:44,158 [INFO] Extracted data from db in 79.77253103256226 seconds
2025-11-14 10:10:47,823 [INFO] Filtered data shape: (95450, 24)
2025-11-14 10:10:47,824 [INFO] Extracting features for quantity...
2025-11-14 10:10:48,586 [INFO] Features with zero variance: ['sign_change']
2025-11-14 10:10:48,586 [INFO] Removing 1 zero-variance features
2025-11-14 10:10:48,601 [INFO] 
Data shape before PCA: (95450, 2)
2025-11-14 10:10:48,601 [INFO] Data shape after PCA: (95450, 2)
2025-11-14 10:10:48,601 [INFO] Total data points: 95,450
2025-11-14 10:10:48,601 [INFO] Number of features: 2
2025-11-14 10:10:48,602 [INFO] FINDING OPTIMAL K
2025-11-14 10:10:55,705 [INFO] Best k determined: 6
2025-11-14 10:10:55,705 [INFO] 
Using k=6 for clustering...
2025-11-14 10:10:55,705 [INFO] Clustering...
2025-11-14 10:10:56,257 [INFO] Error processing quantity: Cannot save file into a non-existent directory: 'experiments/20251114_100758/quantity'
2025-11-14 10:10:58,253 [INFO] STARTING CLUSTERING FOR DATATYPE: TIME
2025-11-14 10:10:58,254 [INFO] Connecting to database...
2025-11-14 10:10:58,282 [INFO] Connected to database.
2025-11-14 10:10:58,283 [INFO] Creating indexes to speed up queries
2025-11-14 10:10:59,288 [INFO] Created indexes in 1.0053701400756836 seconds
2025-11-14 10:10:59,288 [INFO] 
Going to extract data from db
2025-11-14 10:10:59,290 [INFO] Executing query...
2025-11-14 10:10:59,381 [INFO] Fetching first batch...
2025-11-14 10:11:32,283 [INFO] Query executed successfully. Columns: 24
2025-11-14 10:11:33,184 [INFO] Fetched chunk 2: 71,388 rows total
2025-11-14 10:11:33,194 [INFO] Combining 2 chunks...
2025-11-14 10:11:33,234 [INFO] Total rows fetched: 71,388
2025-11-14 10:11:34,605 [INFO] Saved 71,388 rows to data/changes_for_clustering_time_update.parquet
2025-11-14 10:11:34,606 [INFO] Extracted data from db in 35.31714844703674 seconds
2025-11-14 10:11:35,158 [INFO] Filtered data shape: (35280, 24)
2025-11-14 10:11:35,158 [INFO] Extracting features for time...
2025-11-14 10:11:36,175 [INFO] Features with zero variance: ['time_diff_minutes']
2025-11-14 10:11:36,175 [INFO] Removing 1 zero-variance features
2025-11-14 10:11:36,182 [INFO] 
Data shape before PCA: (35280, 1)
2025-11-14 10:11:36,182 [INFO] Data shape after PCA: (35280, 1)
2025-11-14 10:11:36,182 [INFO] Total data points: 35,280
2025-11-14 10:11:36,182 [INFO] Number of features: 1
2025-11-14 10:11:36,182 [INFO] FINDING OPTIMAL K
2025-11-14 10:11:44,052 [INFO] Best k determined: 6
2025-11-14 10:11:44,052 [INFO] 
Using k=6 for clustering...
2025-11-14 10:11:44,052 [INFO] Clustering...
2025-11-14 10:11:44,794 [INFO] Error processing time: Cannot save file into a non-existent directory: 'experiments/20251114_100758/time'
2025-11-14 10:11:44,979 [INFO] STARTING CLUSTERING FOR DATATYPE: GLOBECOORDINATE
2025-11-14 10:11:44,981 [INFO] Connecting to database...
2025-11-14 10:11:45,010 [INFO] Connected to database.
2025-11-14 10:11:45,011 [INFO] Creating indexes to speed up queries
2025-11-14 10:11:46,017 [INFO] Created indexes in 1.006208896636963 seconds
2025-11-14 10:11:46,017 [INFO] 
Going to extract data from db
2025-11-14 10:11:46,019 [INFO] Executing query...
2025-11-14 10:11:46,112 [INFO] Fetching first batch...
2025-11-14 10:12:18,381 [INFO] Query executed successfully. Columns: 24
2025-11-14 10:12:19,376 [INFO] Combining 1 chunks...
2025-11-14 10:12:19,376 [INFO] Total rows fetched: 46,410
2025-11-14 10:12:19,869 [INFO] Saved 46,410 rows to data/changes_for_clustering_globecoordinate_update.parquet
2025-11-14 10:12:19,869 [INFO] Extracted data from db in 33.85173320770264 seconds
2025-11-14 10:12:20,179 [INFO] Filtered data shape: (20838, 24)
2025-11-14 10:12:20,180 [INFO] Extracting features for globecoordinate...
2025-11-14 10:12:38,420 [INFO] Features with zero variance: []
2025-11-14 10:12:38,426 [INFO] 
Data shape before PCA: (20838, 3)
2025-11-14 10:12:38,426 [INFO] Data shape after PCA: (20838, 3)
2025-11-14 10:12:38,426 [INFO] Total data points: 20,838
2025-11-14 10:12:38,426 [INFO] Number of features: 3
2025-11-14 10:12:38,426 [INFO] FINDING OPTIMAL K
2025-11-14 10:12:46,270 [INFO] Best k determined: 7
2025-11-14 10:12:46,271 [INFO] 
Using k=7 for clustering...
2025-11-14 10:12:46,271 [INFO] Clustering...
2025-11-14 10:12:47,082 [INFO] Error processing globecoordinate: Cannot save file into a non-existent directory: 'experiments/20251114_100758/globecoordinate'
2025-11-14 10:12:47,415 [INFO] STARTING CLUSTERING FOR DATATYPE: ENTITY
2025-11-14 10:12:47,417 [INFO] Connecting to database...
2025-11-14 10:12:47,446 [INFO] Connected to database.
2025-11-14 10:12:47,447 [INFO] Creating indexes to speed up queries
2025-11-14 10:12:48,453 [INFO] Created indexes in 1.0059030055999756 seconds
2025-11-14 10:12:48,453 [INFO] 
Going to extract data from db
2025-11-14 10:12:48,455 [INFO] Executing query...
2025-11-14 10:12:48,547 [INFO] Fetching first batch...
2025-11-14 10:13:33,141 [INFO] Query executed successfully. Columns: 24
2025-11-14 10:13:35,017 [INFO] Fetched chunk 2: 100,000 rows total
2025-11-14 10:13:37,305 [INFO] Fetched chunk 3: 150,000 rows total
2025-11-14 10:13:39,024 [INFO] Fetched chunk 4: 200,000 rows total
2025-11-14 10:13:41,314 [INFO] Fetched chunk 5: 250,000 rows total
2025-11-14 10:13:43,113 [INFO] Fetched chunk 6: 300,000 rows total
2025-11-14 10:13:44,704 [INFO] Fetched chunk 7: 350,000 rows total
2025-11-14 10:13:47,382 [INFO] Fetched chunk 8: 400,000 rows total
2025-11-14 10:13:49,055 [INFO] Fetched chunk 9: 443,810 rows total
2025-11-14 10:13:49,078 [INFO] Combining 9 chunks...
2025-11-14 10:13:49,358 [INFO] Total rows fetched: 443,810
2025-11-14 10:13:56,238 [INFO] Saved 443,810 rows to data/changes_for_clustering_entity_update.parquet
2025-11-14 10:13:56,238 [INFO] Extracted data from db in 67.7852075099945 seconds
2025-11-14 10:14:00,311 [INFO] Filtered data shape: (443810, 24)
2025-11-14 10:14:00,312 [INFO] Extracting features for entity...
2025-11-14 10:14:01,076 [INFO] ALL CLUSTERING COMPLETED
2025-11-14 10:16:32,101 [INFO] STARTING MULTI-DATATYPE CLUSTERING
2025-11-14 10:16:32,101 [INFO] Datatypes to process: ['string', 'quantity', 'time', 'globecoordinate', 'entity']
2025-11-14 10:16:32,101 [INFO] STARTING CLUSTERING FOR DATATYPE: STRING
2025-11-14 10:16:39,374 [INFO] Filtered data shape: (560759, 24)
2025-11-14 10:16:39,375 [INFO] Extracting features for string...
2025-11-14 10:16:39,747 [INFO] STARTING CLUSTERING FOR DATATYPE: QUANTITY
2025-11-14 10:16:43,833 [INFO] Filtered data shape: (95450, 24)
2025-11-14 10:16:43,834 [INFO] Extracting features for quantity...
2025-11-14 10:16:44,470 [INFO] Features with zero variance: ['sign_change']
2025-11-14 10:16:44,470 [INFO] Removing 1 zero-variance features
2025-11-14 10:16:44,485 [INFO] 
Data shape before PCA: (95450, 2)
2025-11-14 10:16:44,485 [INFO] Data shape after PCA: (95450, 2)
2025-11-14 10:16:44,485 [INFO] Total data points: 95,450
2025-11-14 10:16:44,485 [INFO] Number of features: 2
2025-11-14 10:16:44,485 [INFO] FINDING OPTIMAL K
2025-11-14 10:16:50,620 [INFO] Best k determined: 6
2025-11-14 10:16:50,621 [INFO] 
Using k=6 for clustering...
2025-11-14 10:16:50,621 [INFO] Clustering...
2025-11-14 10:16:52,052 [INFO] Completed clustering for quantity
2025-11-14 10:16:52,052 [INFO] Saved to: experiments/20251114_101632
2025-11-14 10:16:52,283 [INFO] STARTING CLUSTERING FOR DATATYPE: TIME
2025-11-14 10:16:53,000 [INFO] Filtered data shape: (35280, 24)
2025-11-14 10:16:53,001 [INFO] Extracting features for time...
2025-11-14 10:16:54,236 [INFO] Features with zero variance: ['time_diff_minutes']
2025-11-14 10:16:54,236 [INFO] Removing 1 zero-variance features
2025-11-14 10:16:54,245 [INFO] 
Data shape before PCA: (35280, 1)
2025-11-14 10:16:54,245 [INFO] Data shape after PCA: (35280, 1)
2025-11-14 10:16:54,245 [INFO] Total data points: 35,280
2025-11-14 10:16:54,245 [INFO] Number of features: 1
2025-11-14 10:16:54,246 [INFO] FINDING OPTIMAL K
2025-11-14 10:17:02,439 [INFO] Best k determined: 6
2025-11-14 10:17:02,439 [INFO] 
Using k=6 for clustering...
2025-11-14 10:17:02,439 [INFO] Clustering...
2025-11-14 10:17:03,826 [INFO] Completed clustering for time
2025-11-14 10:17:03,827 [INFO] Saved to: experiments/20251114_101632
2025-11-14 10:17:03,874 [INFO] STARTING CLUSTERING FOR DATATYPE: GLOBECOORDINATE
2025-11-14 10:17:04,343 [INFO] Filtered data shape: (20838, 24)
2025-11-14 10:17:04,343 [INFO] Extracting features for globecoordinate...
2025-11-14 10:17:22,920 [INFO] Features with zero variance: []
2025-11-14 10:17:22,927 [INFO] 
Data shape before PCA: (20838, 3)
2025-11-14 10:17:22,927 [INFO] Data shape after PCA: (20838, 3)
2025-11-14 10:17:22,927 [INFO] Total data points: 20,838
2025-11-14 10:17:22,927 [INFO] Number of features: 3
2025-11-14 10:17:22,927 [INFO] FINDING OPTIMAL K
2025-11-14 10:17:31,213 [INFO] Best k determined: 7
2025-11-14 10:17:31,214 [INFO] 
Using k=7 for clustering...
2025-11-14 10:17:31,214 [INFO] Clustering...
2025-11-14 10:17:32,584 [INFO] Completed clustering for globecoordinate
2025-11-14 10:17:32,585 [INFO] Saved to: experiments/20251114_101632
2025-11-14 10:17:32,605 [INFO] STARTING CLUSTERING FOR DATATYPE: ENTITY
2025-11-14 10:17:38,323 [INFO] Filtered data shape: (443810, 24)
2025-11-14 10:17:38,323 [INFO] Extracting features for entity...
2025-11-14 10:17:38,570 [INFO] ALL CLUSTERING COMPLETED
